0 info it worked if it ends with ok
1 verbose cli [ 'c:\\Program Files\\nodejs\\node.exe',
1 verbose cli   'c:\\Program Files\\nodejs\\node_modules\\npm\\bin\\npm-cli.js',
1 verbose cli   'version',
1 verbose cli   'minor',
1 verbose cli   '-m',
1 verbose cli   'improved presentation' ]
2 info using npm@1.4.14
3 info using node@v0.10.29
4 error version No package.json found
5 error Error: ENOENT, open 'c:\projects\flocks-mini-todo\package.json'
6 error If you need help, you may report this *entire* log,
6 error including the npm and node versions, at:
6 error     <http://github.com/npm/npm/issues>
7 error System Windows_NT 6.2.9200
8 error command "c:\\Program Files\\nodejs\\node.exe" "c:\\Program Files\\nodejs\\node_modules\\npm\\bin\\npm-cli.js" "version" "minor" "-m" "improved presentation"
9 error cwd c:\projects\flocks-mini-todo
10 error node -v v0.10.29
11 error npm -v 1.4.14
12 error path c:\projects\flocks-mini-todo\package.json
13 error code ENOENT
14 error errno 34
15 verbose exit [ 34, true ]
